<?xml version="1.0" encoding="UTF-8"?>
<!-- Generated by org.testng.reporters.JUnitXMLReporter -->
<testsuite ignored="0" hostname="HYD-SNAKKA-L2" failures="0" tests="4" name="Marvel Test" time="97.784" errors="0" timestamp="2020-01-08T08:14:15 IST">
  <testcase classname="com.marvel.tests.Charactertest" name="readCharacters" time="9.524"/>
  <testcase classname="com.marvel.tests.Charactertest" name="readSeries" time="11.488"/>
  <testcase classname="com.marvel.tests.EventsTest" name="readCharactersofEvents" time="6.287"/>
  <testcase classname="com.marvel.tests.StoryTest" name="readCharactersofstories" time="69.978"/>
</testsuite> <!-- Marvel Test -->
