<?xml version="1.0" encoding="UTF-8"?>
<testng-results ignored="0" total="2" passed="2" failed="0" skipped="0">
  <reporter-output>
  </reporter-output>
  <suite started-at="2020-01-08T08:45:00 IST" name="Default suite" finished-at="2020-01-08T08:45:21 IST" duration-ms="20952">
    <groups>
    </groups>
    <test started-at="2020-01-08T08:45:00 IST" name="Default test" finished-at="2020-01-08T08:45:21 IST" duration-ms="20952">
      <class name="com.marvel.tests.Charactertest">
        <test-method is-config="true" signature="setup()[pri:0, instance:com.marvel.tests.Charactertest@40cb8df7]" started-at="2020-01-08T08:45:00 IST" name="setup" finished-at="2020-01-08T08:45:01 IST" duration-ms="473" status="PASS">
          <reporter-output>
          </reporter-output>
        </test-method> <!-- setup -->
        <test-method signature="readCharacters()[pri:0, instance:com.marvel.tests.Charactertest@40cb8df7]" started-at="2020-01-08T08:45:01 IST" name="readCharacters" finished-at="2020-01-08T08:45:09 IST" duration-ms="8632" status="PASS">
          <reporter-output>
          </reporter-output>
        </test-method> <!-- readCharacters -->
        <test-method signature="readSeries()[pri:0, instance:com.marvel.tests.Charactertest@40cb8df7]" started-at="2020-01-08T08:45:09 IST" name="readSeries" finished-at="2020-01-08T08:45:21 IST" depends-on-methods="com.marvel.tests.Charactertest.readCharacters" duration-ms="11806" status="PASS">
          <reporter-output>
          </reporter-output>
        </test-method> <!-- readSeries -->
      </class> <!-- com.marvel.tests.Charactertest -->
    </test> <!-- Default test -->
  </suite> <!-- Default suite -->
</testng-results>
